<?xml version="1.0" encoding="UTF-8"?>
<robot generator="Robot 4.0.3 (Python 3.8.6 on win32)" generated="20210725 11:16:01.294" rpa="false" schemaversion="2">
<suite id="s1" name="Tests" source="C:\Users\WaseemS\Documents\robot_test_1\tests.robot">
<kw name="Log" library="BuiltIn" type="SETUP">
<arg>Hello</arg>
<doc>Logs the given message with the given level.</doc>
<msg timestamp="20210725 11:16:01.323" level="INFO">Hello</msg>
<status status="PASS" starttime="20210725 11:16:01.323" endtime="20210725 11:16:01.323"/>
</kw>
<test id="s1-t1" name="Cout Number Of Existing">
<kw name="Log" library="BuiltIn" type="SETUP">
<arg>start of test</arg>
<doc>Logs the given message with the given level.</doc>
<msg timestamp="20210725 11:16:01.323" level="INFO">start of test</msg>
<status status="PASS" starttime="20210725 11:16:01.323" endtime="20210725 11:16:01.323"/>
</kw>
<kw name="Get File" library="OperatingSystem">
<var>${my_file}</var>
<arg>C:\\Users\\WaseemS\\Documents\\robot_test_1\\input.txt</arg>
<doc>Returns the contents of a specified file.</doc>
<msg timestamp="20210725 11:16:01.323" level="INFO" html="true">Getting file '&lt;a href="file://C:\Users\WaseemS\Documents\robot_test_1\input.txt"&gt;C:\Users\WaseemS\Documents\robot_test_1\input.txt&lt;/a&gt;'.</msg>
<msg timestamp="20210725 11:16:01.323" level="INFO">${my_file} = hi there
myu name is waseem ahmad sayara
i like playing football with my friend ahmad
my uncle name is ahmad and his son's name is also waseem
</msg>
<status status="PASS" starttime="20210725 11:16:01.323" endtime="20210725 11:16:01.323"/>
</kw>
<kw name="Get Count" library="BuiltIn">
<var>${occurence}</var>
<arg>${my_file}</arg>
<arg>${name}</arg>
<doc>Returns and logs how many times ``item`` is found from ``container``.</doc>
<msg timestamp="20210725 11:16:01.323" level="INFO">Item found from container 3 times.</msg>
<msg timestamp="20210725 11:16:01.323" level="INFO">${occurence} = 3</msg>
<status status="PASS" starttime="20210725 11:16:01.323" endtime="20210725 11:16:01.323"/>
</kw>
<kw name="Should Be Equal As Strings" library="BuiltIn">
<arg>${occurence}</arg>
<arg>3</arg>
<doc>Fails if objects are unequal after converting them to strings.</doc>
<msg timestamp="20210725 11:16:01.323" level="INFO">Argument types are:
&lt;class 'int'&gt;
&lt;type 'unicode'&gt;</msg>
<status status="PASS" starttime="20210725 11:16:01.323" endtime="20210725 11:16:01.323"/>
</kw>
<kw name="Log" library="BuiltIn" type="TEARDOWN">
<arg>end of test</arg>
<doc>Logs the given message with the given level.</doc>
<msg timestamp="20210725 11:16:01.323" level="INFO">end of test</msg>
<status status="PASS" starttime="20210725 11:16:01.323" endtime="20210725 11:16:01.323"/>
</kw>
<status status="PASS" starttime="20210725 11:16:01.323" endtime="20210725 11:16:01.323"/>
</test>
<kw name="Log" library="BuiltIn" type="TEARDOWN">
<arg>bye</arg>
<doc>Logs the given message with the given level.</doc>
<msg timestamp="20210725 11:16:01.323" level="INFO">bye</msg>
<status status="PASS" starttime="20210725 11:16:01.323" endtime="20210725 11:16:01.323"/>
</kw>
<status status="PASS" starttime="20210725 11:16:01.295" endtime="20210725 11:16:01.323"/>
</suite>
<statistics>
<total>
<stat pass="1" fail="0" skip="0">All Tests</stat>
</total>
<tag>
</tag>
<suite>
<stat pass="1" fail="0" skip="0" id="s1" name="Tests">Tests</stat>
</suite>
</statistics>
<errors>
</errors>
</robot>
