<?xml version="1.0" encoding="UTF-8"?>
<robot generator="Robot 4.0.3 (Python 3.8.6 on win32)" generated="20210725 12:48:51.672" rpa="false" schemaversion="2">
<suite id="s1" name="Suite1" source="C:\Users\WaseemS\Documents\robot_test_1\suite1">
<kw name="Print Message" type="SETUP">
<arg>Hello</arg>
<kw name="Log" library="BuiltIn">
<arg>${message}</arg>
<doc>Logs the given message with the given level.</doc>
<msg timestamp="20210725 12:48:51.703" level="INFO">Hello</msg>
<status status="PASS" starttime="20210725 12:48:51.703" endtime="20210725 12:48:51.703"/>
</kw>
<status status="PASS" starttime="20210725 12:48:51.702" endtime="20210725 12:48:51.703"/>
</kw>
<suite id="s1-s1" name="Tests" source="C:\Users\WaseemS\Documents\robot_test_1\suite1\tests.robot">
<test id="s1-s1-t1" name="Test Case 1">
<kw name="Expected Count Existing In File">
<arg>.//input.txt</arg>
<arg>${name}</arg>
<arg>3</arg>
<kw name="Get File" library="OperatingSystem">
<var>${my_file}</var>
<arg>.\\input.txt</arg>
<doc>Returns the contents of a specified file.</doc>
<msg timestamp="20210725 12:48:51.705" level="INFO" html="true">Getting file '&lt;a href="file://C:\Users\WaseemS\Documents\robot_test_1\input.txt"&gt;C:\Users\WaseemS\Documents\robot_test_1\input.txt&lt;/a&gt;'.</msg>
<msg timestamp="20210725 12:48:51.707" level="INFO">${my_file} = hi there
myu name is waseem ahmad sayara
i like playing football with my friend ahmad
my uncle name is ahmad and his son's name is also waseem
</msg>
<status status="PASS" starttime="20210725 12:48:51.705" endtime="20210725 12:48:51.707"/>
</kw>
<kw name="Get Count" library="BuiltIn">
<var>${occurence}</var>
<arg>${my_file}</arg>
<arg>${name}</arg>
<doc>Returns and logs how many times ``item`` is found from ``container``.</doc>
<msg timestamp="20210725 12:48:51.707" level="INFO">Item found from container 3 times.</msg>
<msg timestamp="20210725 12:48:51.707" level="INFO">${occurence} = 3</msg>
<status status="PASS" starttime="20210725 12:48:51.707" endtime="20210725 12:48:51.707"/>
</kw>
<kw name="Should Be Equal As Strings" library="BuiltIn">
<arg>${occurence}</arg>
<arg>${expected}</arg>
<doc>Fails if objects are unequal after converting them to strings.</doc>
<msg timestamp="20210725 12:48:51.707" level="INFO">Argument types are:
&lt;class 'int'&gt;
&lt;type 'unicode'&gt;</msg>
<status status="PASS" starttime="20210725 12:48:51.707" endtime="20210725 12:48:51.708"/>
</kw>
<status status="PASS" starttime="20210725 12:48:51.705" endtime="20210725 12:48:51.708"/>
</kw>
<status status="PASS" starttime="20210725 12:48:51.705" endtime="20210725 12:48:51.708"/>
</test>
<test id="s1-s1-t2" name="Test Case 2">
<kw name="Expected Count Existing In File">
<arg>.//input.txt</arg>
<arg>waseem</arg>
<arg>2</arg>
<kw name="Get File" library="OperatingSystem">
<var>${my_file}</var>
<arg>.\\input.txt</arg>
<doc>Returns the contents of a specified file.</doc>
<msg timestamp="20210725 12:48:51.709" level="INFO" html="true">Getting file '&lt;a href="file://C:\Users\WaseemS\Documents\robot_test_1\input.txt"&gt;C:\Users\WaseemS\Documents\robot_test_1\input.txt&lt;/a&gt;'.</msg>
<msg timestamp="20210725 12:48:51.709" level="INFO">${my_file} = hi there
myu name is waseem ahmad sayara
i like playing football with my friend ahmad
my uncle name is ahmad and his son's name is also waseem
</msg>
<status status="PASS" starttime="20210725 12:48:51.709" endtime="20210725 12:48:51.709"/>
</kw>
<kw name="Get Count" library="BuiltIn">
<var>${occurence}</var>
<arg>${my_file}</arg>
<arg>${name}</arg>
<doc>Returns and logs how many times ``item`` is found from ``container``.</doc>
<msg timestamp="20210725 12:48:51.711" level="INFO">Item found from container 2 times.</msg>
<msg timestamp="20210725 12:48:51.711" level="INFO">${occurence} = 2</msg>
<status status="PASS" starttime="20210725 12:48:51.709" endtime="20210725 12:48:51.711"/>
</kw>
<kw name="Should Be Equal As Strings" library="BuiltIn">
<arg>${occurence}</arg>
<arg>${expected}</arg>
<doc>Fails if objects are unequal after converting them to strings.</doc>
<msg timestamp="20210725 12:48:51.711" level="INFO">Argument types are:
&lt;class 'int'&gt;
&lt;type 'unicode'&gt;</msg>
<status status="PASS" starttime="20210725 12:48:51.711" endtime="20210725 12:48:51.711"/>
</kw>
<status status="PASS" starttime="20210725 12:48:51.709" endtime="20210725 12:48:51.711"/>
</kw>
<status status="PASS" starttime="20210725 12:48:51.709" endtime="20210725 12:48:51.711"/>
</test>
<status status="PASS" starttime="20210725 12:48:51.703" endtime="20210725 12:48:51.712"/>
</suite>
<kw name="Print Message" type="TEARDOWN">
<arg>bye</arg>
<kw name="Log" library="BuiltIn">
<arg>${message}</arg>
<doc>Logs the given message with the given level.</doc>
<msg timestamp="20210725 12:48:51.714" level="INFO">bye</msg>
<status status="PASS" starttime="20210725 12:48:51.714" endtime="20210725 12:48:51.714"/>
</kw>
<status status="PASS" starttime="20210725 12:48:51.714" endtime="20210725 12:48:51.714"/>
</kw>
<status status="PASS" starttime="20210725 12:48:51.674" endtime="20210725 12:48:51.714"/>
</suite>
<statistics>
<total>
<stat pass="2" fail="0" skip="0">All Tests</stat>
</total>
<tag>
</tag>
<suite>
<stat pass="2" fail="0" skip="0" id="s1" name="Suite1">Suite1</stat>
<stat pass="2" fail="0" skip="0" id="s1-s1" name="Tests">Suite1.Tests</stat>
</suite>
</statistics>
<errors>
</errors>
</robot>
